<?xml version="1.0" encoding="UTF-8"?>
<!-- Generated by org.testng.reporters.JUnitReportReporter -->
<testsuite hostname="Admin-PC" failures="0" tests="5" name="testPkg.MovieSearch" time="107.296" errors="0" timestamp="2022-07-24T12:31:02 IST" skipped="0">
  <testcase classname="testPkg.MovieSearch" name="searchResultPrint" time="46.976"/>
  <system-out/>
  <testcase classname="testPkg.MovieSearch" name="clickOnMovieRelease1972" time="32.242"/>
  <system-out/>
  <testcase classname="testPkg.MovieSearch" name="verifyGenreAndMpaaRating" time="1.328"/>
  <system-out/>
  <testcase classname="testPkg.MovieSearch" name="verifyDirectorName" time="26.530"/>
  <system-out/>
  <testcase classname="testPkg.MovieSearch" name="verifyChareterName" time="0.220"/>
  <system-out/>
</testsuite> <!-- testPkg.MovieSearch -->
